<?xml version="1.0" encoding="UTF-8"?>
<!-- Generated by org.testng.reporters.JUnitReportReporter -->
<testsuite hostname="DESKTOP-1MM3H4H" failures="0" tests="1" name="Ui_Tests.landing_page" time="16.723" errors="0" timestamp="2023-06-29T21:33:08 IST" skipped="0">
  <testcase classname="Ui_Tests.landing_page" name="clickLogin" time="16.723"/>
  <system-out/>
</testsuite> <!-- Ui_Tests.landing_page -->
